[00:59:27] [main/INFO] (FabricLoader/GameProvider) Loading Minecraft 1.20.1 with Fabric Loader 0.16.0
[00:59:28] [main/INFO] (FabricLoader) Loading 46 mods:
	- fabric-api 0.92.2+1.20.1
	- fabric-api-base 0.4.31+1802ada577
	- fabric-api-lookup-api-v1 1.6.36+1802ada577
	- fabric-biome-api-v1 13.0.13+1802ada577
	- fabric-block-api-v1 1.0.11+1802ada577
	- fabric-block-view-api-v2 1.0.1+1802ada577
	- fabric-command-api-v1 1.2.34+f71b366f77
	- fabric-command-api-v2 2.2.13+1802ada577
	- fabric-commands-v0 0.2.51+df3654b377
	- fabric-containers-v0 0.1.64+df3654b377
	- fabric-content-registries-v0 4.0.11+1802ada577
	- fabric-convention-tags-v1 1.5.5+1802ada577
	- fabric-crash-report-info-v1 0.2.19+1802ada577
	- fabric-data-attachment-api-v1 1.0.0+de0fd6d177
	- fabric-data-generation-api-v1 12.3.4+1802ada577
	- fabric-dimensions-v1 2.1.54+1802ada577
	- fabric-entity-events-v1 1.6.0+1c78457f77
	- fabric-events-interaction-v0 0.6.2+1802ada577
	- fabric-events-lifecycle-v0 0.2.63+df3654b377
	- fabric-game-rule-api-v1 1.0.40+1802ada577
	- fabric-gametest-api-v1 1.2.13+1802ada577
	- fabric-item-api-v1 2.1.28+1802ada577
	- fabric-item-group-api-v1 4.0.12+1802ada577
	- fabric-lifecycle-events-v1 2.2.22+1802ada577
	- fabric-loot-api-v2 1.2.1+1802ada577
	- fabric-loot-tables-v1 1.1.45+9e7660c677
	- fabric-message-api-v1 5.1.9+1802ada577
	- fabric-mining-level-api-v1 2.1.50+1802ada577
	- fabric-networking-api-v1 1.3.11+1802ada577
	- fabric-networking-v0 0.3.51+df3654b377
	- fabric-object-builder-api-v1 11.1.3+1802ada577
	- fabric-particles-v1 1.1.2+1802ada577
	- fabric-recipe-api-v1 1.0.21+1802ada577
	- fabric-registry-sync-v0 2.3.3+1802ada577
	- fabric-rendering-data-attachment-v1 0.3.37+92a0d36777
	- fabric-rendering-fluids-v1 3.0.28+1802ada577
	- fabric-resource-conditions-api-v1 2.3.8+1802ada577
	- fabric-resource-loader-v0 0.11.10+1802ada577
	- fabric-screen-handler-api-v1 1.3.30+1802ada577
	- fabric-transfer-api-v1 3.3.5+8dd72ea377
	- fabric-transitive-access-wideners-v1 4.3.1+1802ada577
	- fabricloader 0.16.0
	- java 17
	- minecraft 1.20.1
	- mixinextras 0.4.0
	- zombieapocalypse 1.0-SNAPSHOT
[00:59:28] [main/INFO] (FabricLoader/Mixin) SpongePowered MIXIN Subsystem Version=0.8.7 Source=file:/C:/Users/neon/.gradle/caches/modules-2/files-2.1/net.fabricmc/sponge-mixin/0.15.0+mixin.0.8.7/2ce1c5d57a061f3e259ec30b8b0cb2dc889c5156/sponge-mixin-0.15.0+mixin.0.8.7.jar Service=Knot/Fabric Env=SERVER
[00:59:28] [main/INFO] (FabricLoader/Mixin) Loaded Fabric development mappings for mixin remapper!
[00:59:28] [main/INFO] (FabricLoader/Mixin) Compatibility level set to JAVA_16
[00:59:28] [main/INFO] (FabricLoader/Mixin) Compatibility level set to JAVA_17
[00:59:29] [main/INFO] (FabricLoader/MixinExtras|Service) Initializing MixinExtras via com.llamalad7.mixinextras.service.MixinExtrasServiceImpl(version=0.4.0).
[00:59:37] [main/INFO] (Minecraft) Environment: authHost='https://authserver.mojang.com', accountsHost='https://api.mojang.com', sessionHost='https://sessionserver.mojang.com', servicesHost='https://api.minecraftservices.com', name='PROD'
[00:59:38] [main/INFO] (Minecraft) Loaded 7 recipes
[00:59:39] [main/INFO] (Minecraft) Loaded 1271 advancements
[00:59:39] [main/INFO] (BiomeModificationImpl) Applied 0 biome modifications to 0 of 64 new biomes in 1.583 ms
[00:59:39] [Server thread/INFO] (Minecraft) Starting minecraft server version 1.20.1
[00:59:39] [Server thread/INFO] (Minecraft) Loading properties
[00:59:39] [Server thread/INFO] (Minecraft) Default game type: SURVIVAL
[00:59:39] [Server thread/INFO] (Minecraft) Generating keypair
[00:59:39] [Server thread/INFO] (Minecraft) Starting Minecraft server on *:25565
[00:59:39] [Server thread/INFO] (Minecraft) Using default channel type
[00:59:40] [Server thread/INFO] (Minecraft) Preparing level "world"
[00:59:42] [Server thread/INFO] (Minecraft) Preparing start region for dimension minecraft:overworld
[00:59:42] [Server thread/INFO] (Minecraft) Preparing spawn area: 0%
[00:59:42] [Worker-Main-12/INFO] (Minecraft) Preparing spawn area: 83%
[00:59:43] [Worker-Main-5/INFO] (Minecraft) Preparing spawn area: 83%
[00:59:43] [Worker-Main-11/INFO] (Minecraft) Preparing spawn area: 83%
[00:59:44] [Worker-Main-12/INFO] (Minecraft) Preparing spawn area: 83%
[00:59:44] [Worker-Main-13/INFO] (Minecraft) Preparing spawn area: 99%
[00:59:44] [Server thread/INFO] (Minecraft) Time elapsed: 2676 ms
[00:59:44] [Server thread/INFO] (Minecraft) Done (4.749s)! For help, type "help"
[01:00:12] [User Authenticator #1/INFO] (Minecraft) UUID of player _NeonLake_ is 400fe3e4-4c5c-4941-9049-f2c93d956a1d
[01:00:12] [Server thread/INFO] (Minecraft) _NeonLake_[/127.0.0.1:7657] logged in with entity id 1 at (9.5, 66.0, 3.5)
[01:00:12] [Server thread/INFO] (Minecraft) _NeonLake_ joined the game
[01:33:39] [Server thread/INFO] (Minecraft) _NeonLake_ was shot by Skeleton
